Traceback (most recent call last):
  File "C:\Python27\lib\site-packages\spyderlib\spyder.py", line 2001, in main
    mainwindow = run_spyder(app, options)
  File "C:\Python27\lib\site-packages\spyderlib\spyder.py", line 1913, in run_spyder
    main.setup()
  File "C:\Python27\lib\site-packages\spyderlib\spyder.py", line 649, in setup
    self.workingdirectory = WorkingDirectory(self, self.init_workdir)
  File "C:\Python27\lib\site-packages\spyderlib\plugins\workingdirectory.py", line 207, in __init__
    self.chdir(workdir)
  File "C:\Python27\lib\site-packages\spyderlib\plugins\workingdirectory.py", line 334, in chdir
    self.refresh_plugin()
  File "C:\Python27\lib\site-packages\spyderlib\plugins\workingdirectory.py", line 258, in refresh_plugin
    self.save_wdhistory()
  File "C:\Python27\lib\site-packages\spyderlib\plugins\workingdirectory.py", line 289, in save_wdhistory
    encoding.writelines(text, self.LOG_PATH)
  File "C:\Python27\lib\site-packages\spyderlib\utils\encoding.py", line 200, in writelines
    return write(os.linesep.join(lines), filename, encoding, mode)
  File "C:\Python27\lib\site-packages\spyderlib\utils\encoding.py", line 191, in write
    with open(filename, mode) as textfile:
IOError: [Errno 22] invalid mode ('wb') or filename: u'C:\\Users\\Daniel\\.spyder2\\.workingdir'
